PLINK v1.90b3a 64-bit (12 Jan 2015)
8 arguments: --bfile /dcs01/ajaffe/Imputation/Merged/LIBD_Brain_Illumina_h650_1M_Omni5M_Omni2pt5_Macrogen_imputed_run2_maf005_hwe10_geno10 --extract /dev/fd/63 --out LIBD_Brain_Illumina_h650_1M_Omni5M_Omni2pt5_Macrogen_GenotypingBarcode --recode A-transpose
Hostname: compute-056
Working directory: /dcl01/lieber/ajaffe/Emily/RNAseq-pipeline/Genotyping
Start time: Mon Sep 18 12:39:58 2017

Random number seed: 1505752798
517006 MB RAM detected; reserving 258503 MB for main workspace.
Allocated 46007 MB successfully, after larger attempt(s) failed.
14983219 variants loaded from .bim file.
1462 people (930 males, 532 females) loaded from .fam.
--extract: 719 variants remaining.
Using 1 thread (no multithreaded calculations invoked).
Before main variant filters, 1462 founders and 0 nonfounders present.
Calculating allele frequencies... done.
Total genotyping rate is 0.988872.
719 variants and 1462 people pass filters and QC.
Note: No phenotypes present.
--recode A-transpose to
LIBD_Brain_Illumina_h650_1M_Omni5M_Omni2pt5_Macrogen_GenotypingBarcode.traw ...
done.

End time: Mon Sep 18 12:40:37 2017
