**** Job starts ****
Thu Apr  6 11:40:21 EDT 2017
Subsetting hg19
Settings:
  Output files: "/dcl01/lieber/ajaffe/Emily/RNAseq-pipeline/Annotation/HISAT2_index_canonical/hisat2_GRCh37primary.*.ht2"
  Line rate: 6 (line is 64 bytes)
  Lines per side: 1 (side is 64 bytes)
  Offset rate: 4 (one in 16)
  FTable chars: 10
  Strings: unpacked
  Local offset rate: 3 (one in 8)
  Local fTable chars: 6
  Local sequence length: 57344
  Local sequence overlap between two consecutive indexes: 1024
  Endianness: little
  Actual local endianness: little
  Sanity checking: disabled
  Assertions: disabled
  Random seed: 0
  Sizeofs: void*:8, int:4, long:8, size_t:8
Input files DNA, FASTA:
  /dcl01/lieber/ajaffe/Emily/RNAseq-pipeline/Annotation/HISAT2_index_canonical/GRCh37.primary_assembly.genome.canonical.fa
Reading reference sizes
  Time reading reference sizes: 00:00:33
Calculating joined length
Writing header
Reserving space for joined string
Joining reference sequences
  Time to join reference sequences: 00:00:30
  Time to read SNPs and splice sites: 00:00:00
Using parameters --bmax 536001499 --dcv 1024
  Doing ahead-of-time memory usage test
  Passed!  Constructing with these parameters: --bmax 536001499 --dcv 1024
Constructing suffix-array element generator
Building DifferenceCoverSample
  Building sPrime
  Building sPrimeOrder
  V-Sorting samples
  V-Sorting samples time: 00:00:26
  Allocating rank array
  Ranking v-sort output
  Ranking v-sort output time: 00:00:15
  Invoking Larsson-Sadakane on ranks
  Invoking Larsson-Sadakane on ranks time: 00:00:42
  Sanity-checking and returning
Building samples
Reserving space for 12 sample suffixes
Generating random suffixes
QSorting 12 sample offsets, eliminating duplicates
QSorting sample offsets, eliminating duplicates time: 00:00:00
Multikey QSorting 12 samples
  (Using difference cover)
  Multikey QSorting samples time: 00:00:00
Calculating bucket sizes
Splitting and merging
  Splitting and merging time: 00:00:00
Split 2, merged 7; iterating...
Splitting and merging
  Splitting and merging time: 00:00:00
Split 2, merged 0; iterating...
Splitting and merging
  Splitting and merging time: 00:00:00
Split 1, merged 3; iterating...
Splitting and merging
  Splitting and merging time: 00:00:00
Split 1, merged 1; iterating...
Splitting and merging
  Splitting and merging time: 00:00:00
Split 1, merged 1; iterating...
Avg bucket size: 3.57334e+08 (target: 536001498)
Converting suffix-array elements to index image
Allocating ftab, absorbFtab
Entering GFM loop
Getting block 1 of 8
Getting block 3 of 8
Getting block 2 of 8
Getting block 4 of 8
  Reserving size (536001499) for bucket 4
Getting block 5 of 8
  Calculating Z arrays for bucket 4
  Reserving size (536001499) for bucket 5
  Reserving size (536001499) for bucket 3
  Reserving size (536001499) for bucket 2
  Entering block accumulator loop for bucket 4:
  Calculating Z arrays for bucket 2
  Calculating Z arrays for bucket 5
  Reserving size (536001499) for bucket 1
  Calculating Z arrays for bucket 3
  Entering block accumulator loop for bucket 5:
  Calculating Z arrays for bucket 1
  Entering block accumulator loop for bucket 2:
Getting block 6 of 8
  Reserving size (536001499) for bucket 6
  Entering block accumulator loop for bucket 3:
  Calculating Z arrays for bucket 6
  Entering block accumulator loop for bucket 1:
  Entering block accumulator loop for bucket 6:
  bucket 1: 10%
  bucket 3: 10%
  bucket 5: 10%
  bucket 4: 10%
  bucket 1: 20%
  bucket 6: 10%
  bucket 3: 20%
  bucket 2: 10%
  bucket 1: 30%
  bucket 5: 20%
  bucket 4: 20%
  bucket 3: 30%
  bucket 1: 40%
  bucket 6: 20%
  bucket 5: 30%
  bucket 1: 50%
  bucket 3: 40%
  bucket 4: 30%
  bucket 2: 20%
  bucket 1: 60%
  bucket 6: 30%
  bucket 5: 40%
  bucket 3: 50%
  bucket 1: 70%
  bucket 4: 40%
  bucket 3: 60%
  bucket 1: 80%
  bucket 6: 40%
  bucket 5: 50%
  bucket 2: 30%
  bucket 1: 90%
  bucket 3: 70%
  bucket 4: 50%
  bucket 5: 60%
  bucket 1: 100%
  Sorting block of length 427464145 for bucket 1
  (Using difference cover)
  bucket 6: 50%
  bucket 3: 80%
  bucket 2: 40%
  bucket 5: 70%
  bucket 4: 60%
  bucket 3: 90%
  bucket 6: 60%
  bucket 2: 50%
  bucket 3: 100%
  Sorting block of length 484499843 for bucket 3
  (Using difference cover)
  bucket 5: 80%
  bucket 4: 70%
  bucket 6: 70%
  bucket 2: 60%
  bucket 5: 90%
  bucket 4: 80%
  bucket 2: 70%
  bucket 6: 80%
  bucket 5: 100%
  Sorting block of length 98078948 for bucket 5
  (Using difference cover)
  bucket 2: 80%
  bucket 4: 90%
  bucket 6: 90%
  bucket 2: 90%
  bucket 4: 100%
  Sorting block of length 394874682 for bucket 4
  (Using difference cover)
  bucket 2: 100%
  Sorting block of length 385266402 for bucket 2
  (Using difference cover)
  bucket 6: 100%
  Sorting block of length 465227463 for bucket 6
  (Using difference cover)
  Sorting block time: 00:00:49
Returning block of 98078949 for bucket 5
Getting block 7 of 8
  Reserving size (536001499) for bucket 7
  Calculating Z arrays for bucket 7
  Entering block accumulator loop for bucket 7:
  bucket 7: 10%
  bucket 7: 20%
  bucket 7: 30%
  bucket 7: 40%
  bucket 7: 50%
  bucket 7: 60%
  bucket 7: 70%
  bucket 7: 80%
  bucket 7: 90%
  bucket 7: 100%
  Sorting block of length 496525368 for bucket 7
  (Using difference cover)
  Sorting block time: 00:03:39
Returning block of 427464146 for bucket 1
Getting block 8 of 8
  Reserving size (536001499) for bucket 8
  Calculating Z arrays for bucket 8
  Entering block accumulator loop for bucket 8:
  bucket 8: 10%
  bucket 8: 20%
  Sorting block time: 00:03:01
Returning block of 394874683 for bucket 4
  Sorting block time: 00:03:47
Returning block of 484499844 for bucket 3
  bucket 8: 30%
  bucket 8: 40%
  bucket 8: 50%
  bucket 8: 60%
  Sorting block time: 00:03:19
Returning block of 385266403 for bucket 2
  bucket 8: 70%
  bucket 8: 80%
  bucket 8: 90%
  bucket 8: 100%
  Sorting block of length 106737804 for bucket 8
  (Using difference cover)
  Sorting block time: 00:03:33
Returning block of 465227464 for bucket 6
  Sorting block time: 00:00:50
Returning block of 106737805 for bucket 8
  Sorting block time: 00:04:14
Returning block of 496525369 for bucket 7
Exited GFM loop
fchr[A]: 0
fchr[C]: 844166209
fchr[G]: 1428560109
fchr[T]: 2013285682
fchr[$]: 2858674662
Exiting GFM::buildToDisk()
Returning from initFromVector
Wrote 957090323 bytes to primary GFM file: /dcl01/lieber/ajaffe/Emily/RNAseq-pipeline/Annotation/HISAT2_index_canonical/hisat2_GRCh37primary.1.ht2
Wrote 714668672 bytes to secondary GFM file: /dcl01/lieber/ajaffe/Emily/RNAseq-pipeline/Annotation/HISAT2_index_canonical/hisat2_GRCh37primary.2.ht2
Re-opening _in1 and _in2 as input streams
Returning from GFM constructor
Returning from initFromVector
Wrote 1256344063 bytes to primary GFM file: /dcl01/lieber/ajaffe/Emily/RNAseq-pipeline/Annotation/HISAT2_index_canonical/hisat2_GRCh37primary.5.ht2
Wrote 727761056 bytes to secondary GFM file: /dcl01/lieber/ajaffe/Emily/RNAseq-pipeline/Annotation/HISAT2_index_canonical/hisat2_GRCh37primary.6.ht2
Re-opening _in5 and _in5 as input streams
Returning from HierEbwt constructor
Headers:
    len: 2858674662
    gbwtLen: 2858674663
    nodes: 2858674663
    sz: 714668666
    gbwtSz: 714668666
    lineRate: 6
    offRate: 4
    offMask: 0xfffffff0
    ftabChars: 10
    eftabLen: 0
    eftabSz: 0
    ftabLen: 1048577
    ftabSz: 4194308
    offsLen: 178667167
    offsSz: 714668668
    lineSz: 64
    sideSz: 64
    sideGbwtSz: 48
    sideGbwtLen: 192
    numSides: 14888931
    numLines: 14888931
    gbwtTotLen: 952891584
    gbwtTotSz: 952891584
    reverse: 0
    linearFM: Yes
Total time for call to driver() for forward index: 00:24:18
Subsetting hg38
Settings:
  Output files: "/dcl01/lieber/ajaffe/Emily/RNAseq-pipeline/Annotation/HISAT2_index_canonical/hisat2_GRCh38primary.*.ht2"
  Line rate: 6 (line is 64 bytes)
  Lines per side: 1 (side is 64 bytes)
  Offset rate: 4 (one in 16)
  FTable chars: 10
  Strings: unpacked
  Local offset rate: 3 (one in 8)
  Local fTable chars: 6
  Local sequence length: 57344
  Local sequence overlap between two consecutive indexes: 1024
  Endianness: little
  Actual local endianness: little
  Sanity checking: disabled
  Assertions: disabled
  Random seed: 0
  Sizeofs: void*:8, int:4, long:8, size_t:8
Input files DNA, FASTA:
  /dcl01/lieber/ajaffe/Emily/RNAseq-pipeline/Annotation/HISAT2_index_canonical/GRCh38.primary_assembly.genome.canonical.fa
Reading reference sizes
  Time reading reference sizes: 00:00:34
Calculating joined length
Writing header
Reserving space for joined string
Joining reference sequences
  Time to join reference sequences: 00:00:30
  Time to read SNPs and splice sites: 00:00:00
Using parameters --bmax 550810440 --dcv 1024
  Doing ahead-of-time memory usage test
  Passed!  Constructing with these parameters: --bmax 550810440 --dcv 1024
Constructing suffix-array element generator
Building DifferenceCoverSample
  Building sPrime
  Building sPrimeOrder
  V-Sorting samples
  V-Sorting samples time: 00:00:28
  Allocating rank array
  Ranking v-sort output
  Ranking v-sort output time: 00:00:17
  Invoking Larsson-Sadakane on ranks
  Invoking Larsson-Sadakane on ranks time: 00:00:42
  Sanity-checking and returning
Building samples
Reserving space for 12 sample suffixes
Generating random suffixes
QSorting 12 sample offsets, eliminating duplicates
QSorting sample offsets, eliminating duplicates time: 00:00:00
Multikey QSorting 12 samples
  (Using difference cover)
  Multikey QSorting samples time: 00:00:00
Calculating bucket sizes
Splitting and merging
  Splitting and merging time: 00:00:00
Split 1, merged 8; iterating...
Splitting and merging
  Splitting and merging time: 00:00:00
Split 2, merged 0; iterating...
Splitting and merging
  Splitting and merging time: 00:00:00
Avg bucket size: 4.19665e+08 (target: 550810439)
Converting suffix-array elements to index image
Allocating ftab, absorbFtab
Entering GFM loop
Getting block 1 of 7
Getting block 2 of 7
  Reserving size (550810440) for bucket 1
  Reserving size (550810440) for bucket 2
Getting block 4 of 7
Getting block 3 of 7
Getting block 5 of 7
  Calculating Z arrays for bucket 1
  Reserving size (550810440) for bucket 4
  Calculating Z arrays for bucket 2
  Reserving size (550810440) for bucket 3
Getting block 6 of 7
  Calculating Z arrays for bucket 4
  Reserving size (550810440) for bucket 6
  Entering block accumulator loop for bucket 2:
  Calculating Z arrays for bucket 6
  Entering block accumulator loop for bucket 4:
  Calculating Z arrays for bucket 3
  Entering block accumulator loop for bucket 1:
  Entering block accumulator loop for bucket 6:
  Entering block accumulator loop for bucket 3:
  Reserving size (550810440) for bucket 5
  Calculating Z arrays for bucket 5
  Entering block accumulator loop for bucket 5:
  bucket 1: 10%
  bucket 5: 10%
  bucket 1: 20%
  bucket 1: 30%
  bucket 2: 10%
  bucket 4: 10%
  bucket 6: 10%
  bucket 5: 20%
  bucket 1: 40%
  bucket 3: 10%
  bucket 1: 50%
  bucket 5: 30%
  bucket 1: 60%
  bucket 2: 20%
  bucket 4: 20%
  bucket 1: 70%
  bucket 6: 20%
  bucket 5: 40%
  bucket 1: 80%
  bucket 3: 20%
  bucket 1: 90%
  bucket 5: 50%
  bucket 1: 100%
  Sorting block of length 185621724 for bucket 1
  (Using difference cover)
  bucket 4: 30%
  bucket 2: 30%
  bucket 6: 30%
  bucket 5: 60%
  bucket 3: 30%
  bucket 5: 70%
  bucket 4: 40%
  bucket 2: 40%
  bucket 6: 40%
  bucket 5: 80%
  bucket 3: 40%
  bucket 4: 50%
  bucket 5: 90%
  bucket 2: 50%
  bucket 6: 50%
  bucket 5: 100%
  Sorting block of length 499356699 for bucket 5
  (Using difference cover)
  bucket 3: 50%
  bucket 4: 60%
  bucket 2: 60%
  bucket 6: 60%
  bucket 4: 70%
  bucket 2: 70%
  bucket 3: 60%
  bucket 6: 70%
  bucket 4: 80%
  bucket 2: 80%
  bucket 3: 70%
  bucket 6: 80%
  bucket 2: 90%
  bucket 4: 90%
  bucket 3: 80%
  bucket 6: 90%
  bucket 2: 100%
  Sorting block of length 532166189 for bucket 2
  (Using difference cover)
  bucket 4: 100%
  Sorting block of length 352322864 for bucket 4
  (Using difference cover)
  Sorting block time: 00:01:40
Returning block of 185621725 for bucket 1
  bucket 6: 100%
  Sorting block of length 415493232 for bucket 6
  (Using difference cover)
  bucket 3: 90%
  bucket 3: 100%
  Sorting block of length 512300091 for bucket 3
  (Using difference cover)
Getting block 7 of 7
  Reserving size (550810440) for bucket 7
  Calculating Z arrays for bucket 7
  Entering block accumulator loop for bucket 7:
  bucket 7: 10%
  bucket 7: 20%
  bucket 7: 30%
  bucket 7: 40%
  bucket 7: 50%
  bucket 7: 60%
  bucket 7: 70%
  bucket 7: 80%
  bucket 7: 90%
  bucket 7: 100%
  Sorting block of length 440394876 for bucket 7
  (Using difference cover)
  Sorting block time: 00:03:07
Returning block of 352322865 for bucket 4
  Sorting block time: 00:04:22
Returning block of 499356700 for bucket 5
  Sorting block time: 00:04:03
Returning block of 415493233 for bucket 6
  Sorting block time: 00:03:52
Returning block of 440394877 for bucket 7
  Sorting block time: 00:04:44
Returning block of 512300092 for bucket 3
  Sorting block time: 00:05:08
Returning block of 532166190 for bucket 2
Exited GFM loop
fchr[A]: 0
fchr[C]: 867153993
fchr[G]: 1466197890
fchr[T]: 2067713015
fchr[$]: 2937655681
Exiting GFM::buildToDisk()
Returning from initFromVector
Wrote 983425079 bytes to primary GFM file: /dcl01/lieber/ajaffe/Emily/RNAseq-pipeline/Annotation/HISAT2_index_canonical/hisat2_GRCh38primary.1.ht2
Wrote 734413928 bytes to secondary GFM file: /dcl01/lieber/ajaffe/Emily/RNAseq-pipeline/Annotation/HISAT2_index_canonical/hisat2_GRCh38primary.2.ht2
Re-opening _in1 and _in2 as input streams
Returning from GFM constructor
Returning from initFromVector
Wrote 1290699801 bytes to primary GFM file: /dcl01/lieber/ajaffe/Emily/RNAseq-pipeline/Annotation/HISAT2_index_canonical/hisat2_GRCh38primary.5.ht2
Wrote 747869486 bytes to secondary GFM file: /dcl01/lieber/ajaffe/Emily/RNAseq-pipeline/Annotation/HISAT2_index_canonical/hisat2_GRCh38primary.6.ht2
Re-opening _in5 and _in5 as input streams
Returning from HierEbwt constructor
Headers:
    len: 2937655681
    gbwtLen: 2937655682
    nodes: 2937655682
    sz: 734413921
    gbwtSz: 734413921
    lineRate: 6
    offRate: 4
    offMask: 0xfffffff0
    ftabChars: 10
    eftabLen: 0
    eftabSz: 0
    ftabLen: 1048577
    ftabSz: 4194308
    offsLen: 183603481
    offsSz: 734413924
    lineSz: 64
    sideSz: 64
    sideGbwtSz: 48
    sideGbwtLen: 192
    numSides: 15300291
    numLines: 15300291
    gbwtTotLen: 979218624
    gbwtTotSz: 979218624
    reverse: 0
    linearFM: Yes
Total time for call to driver() for forward index: 00:27:47
**** Job ends ****
Thu Apr  6 12:41:26 EDT 2017
